<?xml version="1.0" encoding="UTF-8"?>
<!-- Generated by org.testng.reporters.JUnitReportReporter -->
<testsuite skipped="0" hostname="Santosh-Joshi" name="demoBank.testCases.TC_AddNewCustomer_003" tests="1" failures="0" timestamp="30 Jan 2020 18:13:04 GMT" time="17.197" errors="0">
  <testcase name="addNewCustomer" time="17.197" classname="demoBank.testCases.TC_AddNewCustomer_003"/>
</testsuite> <!-- demoBank.testCases.TC_AddNewCustomer_003 -->
